<?xml version="1.0" encoding="UTF-8"?>
<!-- Generated by org.testng.reporters.JUnitReportReporter -->
<testsuite hostname="LASST243969" name="DevOlympus.Opportunity" tests="1" failures="0" timestamp="30 Oct 2014 17:07:18 GMT" time="14.226" errors="0">
  <testcase name="oppCreation" time="14.226" classname="DevOlympus.Opportunity"/>
</testsuite> <!-- DevOlympus.Opportunity -->
