<?xml version="1.0" encoding="UTF-8"?>
<!-- Generated by org.testng.reporters.JUnitReportReporter -->
<testsuite hostname="LASST243969" name="DevOlympus.ProductBundle" tests="3" failures="0" timestamp="30 Oct 2014 17:07:18 GMT" time="61.864" errors="0">
  <testcase name="CreateProductBundle" time="31.993" classname="DevOlympus.ProductBundle"/>
  <testcase name="CreateProductConfig" time="20.713" classname="DevOlympus.ProductBundle"/>
  <testcase name="SyncProd" time="9.158" classname="DevOlympus.ProductBundle"/>
</testsuite> <!-- DevOlympus.ProductBundle -->
