<?xml version="1.0" encoding="UTF-8"?>
<!-- Generated by org.testng.reporters.JUnitReportReporter -->
<testsuite hostname="LASST262537" name="DevOlympus.testscript" tests="1" failures="0" timestamp="14 Nov 2014 17:23:28 GMT" time="29.338" errors="0">
  <testcase name="OrProv" time="29.338" classname="DevOlympus.testscript"/>
</testsuite> <!-- DevOlympus.testscript -->
