<?xml version="1.0" encoding="UTF-8"?>
<!-- Generated by org.testng.reporters.JUnitReportReporter -->
<testsuite hostname="LASST243969" name="DevOlympus.Contact" tests="1" failures="0" timestamp="16 Oct 2014 16:12:51 GMT" time="6.023" errors="0">
  <testcase name="contactCreation" time="6.023" classname="DevOlympus.Contact"/>
</testsuite> <!-- DevOlympus.Contact -->
